<?xml version="1.0" encoding="UTF-8"?>
<Site BuildName="(empty)"
	BuildStamp="20250302-0123-Experimental"
	Name="mm-virtual-machine"
	Generator="ctest-3.22.1"
	CompilerName="/usr/bin/c++"
	CompilerVersion="11.4.0"
	OSName="Linux"
	Hostname="mm-virtual-machine"
	OSRelease="6.8.0-47-generic"
	OSVersion="#47~22.04.1-Ubuntu SMP PREEMPT_DYNAMIC Wed Oct  2 16:16:55 UTC 2"
	OSPlatform="x86_64"
	Is64Bits="1"
	VendorString="AuthenticAMD"
	VendorID="Advanced Micro Devices"
	FamilyID="23"
	ModelID="113"
	ProcessorCacheSize="512"
	NumberOfLogicalCPU="4"
	NumberOfPhysicalCPU="4"
	TotalVirtualMemory="2047"
	TotalPhysicalMemory="15946"
	LogicalProcessorsPerPhysical="1"
	ProcessorClockFrequency="3600"
	>
	<Testing>
		<StartDateTime>Mar 02 12:27 AEDT</StartDateTime>
		<StartTestTime>1740878841</StartTestTime>
		<TestList/>
		<EndDateTime>Mar 02 12:27 AEDT</EndDateTime>
		<EndTestTime>1740878841</EndTestTime>
		<ElapsedMinutes>0</ElapsedMinutes>
	</Testing>
</Site>
